c:\users\skullatt\desktop\1.1_ig_piramide\hola\debug\vc140.pdb
c:\users\skullatt\desktop\1.1_ig_piramide\hola\debug\vc140.idb
c:\users\skullatt\desktop\1.1_ig_piramide\hola\debug\escena.obj
c:\users\skullatt\desktop\1.1_ig_piramide\hola\debug\main.obj
c:\users\skullatt\desktop\1.1_ig_piramide\hola\debug\piramidetri.obj
c:\users\skullatt\desktop\1.1_ig_piramide\hola\debug\pixmap24rgb.obj
c:\users\skullatt\desktop\1.1_ig_piramide\hola\debug\rectangulo.obj
c:\users\skullatt\desktop\1.1_ig_piramide\hola\debug\textura.obj
c:\users\skullatt\desktop\1.1_ig_piramide\hola\debug\tipos.obj
c:\users\skullatt\desktop\1.1_ig_piramide\hola\debug\triangulo.obj
c:\users\skullatt\desktop\1.1_ig_piramide\hola\debug\trianimado.obj
c:\users\skullatt\desktop\1.1_ig_piramide\bin\holadebug.ilk
c:\users\skullatt\desktop\1.1_ig_piramide\bin\holadebug.exe
c:\users\skullatt\desktop\1.1_ig_piramide\bin\holadebug.pdb
c:\users\skullatt\desktop\1.1_ig_piramide\hola\debug\textura.obj.enc
c:\users\skullatt\desktop\1.1_ig_piramide\hola\debug\hola.tlog\cl.command.1.tlog
c:\users\skullatt\desktop\1.1_ig_piramide\hola\debug\hola.tlog\cl.read.1.tlog
c:\users\skullatt\desktop\1.1_ig_piramide\hola\debug\hola.tlog\cl.write.1.tlog
c:\users\skullatt\desktop\1.1_ig_piramide\hola\debug\hola.tlog\link.command.1.tlog
c:\users\skullatt\desktop\1.1_ig_piramide\hola\debug\hola.tlog\link.read.1.tlog
c:\users\skullatt\desktop\1.1_ig_piramide\hola\debug\hola.tlog\link.write.1.tlog
